[17:09:54] Connecting to MQTT broker at localhost...
[17:09:54] Connected successfully!
[17:09:54] Subscribing to topic 'truck/cycle'...
[17:09:54] Subscribed!
[17:09:54] [System] MQTT Connected & Subscribed to truck/cycle
[17:09:58] Disconnecting from broker...
[17:09:58] Disconnected.
[17:11:36] Connecting to MQTT broker at localhost...
[17:11:36] Connected successfully!
[17:11:36] Subscribing to topic 'truck/cycle'...
[17:11:36] Subscribed!
[17:11:36] [System] MQTT Connected & Subscribed to truck/cycle
[17:11:43] Disconnecting from broker...
[17:11:43] Disconnected.
[17:15:27] Connecting to MQTT broker at localhost...
[17:15:27] Connected successfully!
[17:15:27] Subscribing to topic 'truck/cycle'...
[17:15:27] Subscribed!
[17:15:27] [System] MQTT Connected & Subscribed to truck/cycle
[17:16:12] Disconnecting from broker...
[17:16:12] Disconnected.
[17:16:14] Connecting to MQTT broker at localhost...
[17:16:14] Connected successfully!
[17:16:14] Subscribing to topic 'truck/cycle'...
[17:16:14] Subscribed!
[17:16:14] [System] MQTT Connected & Subscribed to truck/cycle
[17:16:20] Disconnecting from broker...
[17:16:20] Disconnected.
[17:17:05] Connecting to MQTT broker at localhost...
[17:17:05] Connected successfully!
[17:17:05] Subscribing to topic 'truck/cycle'...
[17:17:05] Subscribed!
[17:17:05] [System] MQTT Connected & Subscribed to truck/cycle
[17:17:07] Disconnecting from broker...
[17:17:07] Disconnected.
[17:26:19] Connecting to MQTT broker at localhost...
[17:26:19] Connected successfully!
[17:26:19] Subscribing to topic 'truck/cycle'...
[17:26:19] Subscribed!
[17:26:19] [System] MQTT Connected & Subscribed to truck/cycle
[17:27:07] Connecting to MQTT broker at localhost...
[17:27:07] Connected successfully!
[17:27:07] Subscribing to topic 'truck/cycle'...
[17:27:07] Subscribed!
[17:27:07] [System] MQTT Connected & Subscribed to truck/cycle
[17:27:28] Disconnecting from broker...
[17:27:28] Disconnected.
[INFO] [17:31:57] Connecting to MQTT broker at localhost...
[INFO] [17:31:57] Connected successfully!
[INFO] [17:31:57] Subscribing to topic 'truck/cycle'...
[INFO] [17:31:57] Subscribed!
[INFO] [17:31:57] MQTT Connected & Subscribed to truck/cycle
[INFO] [17:32:09] Disconnecting from broker...
[INFO] [17:32:09] Disconnected.
[INFO] [17:35:47] Connecting to MQTT broker at localhost...
[INFO] [17:35:47] Connected successfully!
[INFO] [17:35:47] Subscribing to topic 'truck/cycle'...
[INFO] [17:35:47] Subscribed!
[INFO] [17:35:47] MQTT Connected & Subscribed to truck/cycle
[INFO] [17:36:15] Disconnecting from broker...
[INFO] [17:36:15] Disconnected.
[INFO] [17:39:04] Connecting to MQTT broker at localhost...
[INFO] [17:39:04] Connected successfully!
[INFO] [17:39:04] Subscribing to topic 'truck/cycle'...
[INFO] [17:39:04] Subscribed!
[INFO] [17:39:04] MQTT Connected & Subscribed to truck/cycle
[INFO] [17:39:54] TEST
[INFO] [17:39:34] Disconnecting from broker...
[INFO] [17:39:34] Disconnected.
[INFO] [17:43:20] Connecting to MQTT broker at localhost...
[INFO] [17:43:20] Connected successfully!
[INFO] [17:43:20] Subscribing to topic 'truck/cycle'...
[INFO] [17:43:20] Subscribed!
[INFO] [17:43:20] MQTT Connected & Subscribed to truck/cycle
[INFO] [17:43:23] Processing Truck Entry: RFID=E200456, Weight=25000
[INFO] [17:43:34] Disconnecting from broker...
[INFO] [17:43:34] Disconnected.
[INFO] [17:43:48] Connecting to MQTT broker at localhost...
[INFO] [17:43:48] Connected successfully!
[INFO] [17:43:48] Subscribing to topic 'truck/cycle'...
[INFO] [17:43:48] Subscribed!
[INFO] [17:43:48] MQTT Connected & Subscribed to truck/cycle
[INFO] [17:44:19] Connecting to MQTT broker at localhost...
[INFO] [17:44:19] Connected successfully!
[INFO] [17:44:19] Subscribing to topic 'truck/cycle'...
[INFO] [17:44:19] Subscribed!
[INFO] [17:44:19] MQTT Connected & Subscribed to truck/cycle
[INFO] [17:44:20] Disconnecting from broker...
[INFO] [17:44:20] Disconnected.
[INFO] [17:46:29] Connecting to MQTT broker at localhost...
[INFO] [17:46:29] Connected successfully!
[INFO] [17:46:29] Subscribing to topic 'truck/cycle'...
[INFO] [17:46:29] Subscribed!
[INFO] [17:46:29] MQTT Connected & Subscribed to truck/cycle
[INFO] [17:46:33] Processing Truck Entry: RFID=E200456, Weight=25000
[INFO] [17:46:36] Processing Truck Entry: RFID=E200456, Weight=25000
[INFO] [17:47:55] Processing Truck Entry: RFID=E200456, Weight=25000
[INFO] [17:47:57] Processing Truck Entry: RFID=E200456, Weight=25000
[INFO] [17:48:11] Processing Truck Entry: RFID=F2131, Weight=25000
[INFO] [17:48:12] Processing Truck Entry: RFID=F2131, Weight=25000
[INFO] [17:48:13] Processing Truck Entry: RFID=F2131, Weight=25000
[ERROR] [17:48:29] JSON Parse Error on topic truck/cycle: [json.exception.parse_error.101] parse error at line 1, column 1: attempting to parse an empty input; check that your input string or stream contains the expected JSON
[INFO] [17:52:52] Disconnecting from broker...
[INFO] [17:52:52] Disconnected.
[INFO] [17:53:02] Connecting to MQTT broker at localhost...
[INFO] [17:53:02] Connected successfully!
[INFO] [17:53:02] Subscribing to topic 'truck/cycle'...
[INFO] [17:53:02] Subscribed!
[INFO] [17:53:02] MQTT Connected & Subscribed to truck/cycle
[ERROR] [17:53:08] JSON Parse Error on topic truck/cycle: [json.exception.parse_error.101] parse error at line 1, column 1: attempting to parse an empty input; check that your input string or stream contains the expected JSON
[ERROR] [17:53:11] JSON Parse Error on topic truck/cycle: [json.exception.parse_error.101] parse error at line 1, column 1: attempting to parse an empty input; check that your input string or stream contains the expected JSON
[INFO] [17:53:15] Disconnecting from broker...
[INFO] [17:53:15] Disconnected.
[INFO] [17:56:29] Connecting to MQTT broker at localhost...
[INFO] [17:56:29] Connected successfully!
[INFO] [17:56:29] Subscribing to topic 'truck/cycle'...
[INFO] [17:56:29] Subscribed!
[INFO] [17:56:29] MQTT Connected & Subscribed to truck/cycle
[ERROR] [17:56:33] JSON Parse Error on topic truck/cycle: [json.exception.parse_error.101] parse error at line 1, column 1: attempting to parse an empty input; check that your input string or stream contains the expected JSON
[INFO] [17:56:50] Processing Truck Entry: RFID=F2131, Weight=25000
[INFO] [18:12:34] Processing Truck Entry: RFID=F2131, Weight=25000
[INFO] [18:12:49] Processing Truck Entry: RFID=F2131, Weight=25000
[ERROR] [18:12:55] JSON Parse Error on topic truck/cycle: [json.exception.parse_error.101] parse error at line 1, column 1: attempting to parse an empty input; check that your input string or stream contains the expected JSON
